12-Apr-2022 10:30:37 ERROR - Service.WRONG_CREDENTIALS
com.infy.exception.InfyBankException: Service.WRONG_CREDENTIALS
	at com.infy.service.CustomerLoginServiceImpl.authenticateCustomer(CustomerLoginServiceImpl.java:25) ~[classes/:?]
	at com.infy.controller.CustomerLoginController.authenticateCustomer(CustomerLoginController.java:15) ~[classes/:?]
	at com.infy.DemoApplication.run(DemoApplication.java:37) ~[classes/:?]
	at org.springframework.boot.SpringApplication.callRunner(SpringApplication.java:777) ~[spring-boot-2.6.6.jar:2.6.6]
	at org.springframework.boot.SpringApplication.callRunners(SpringApplication.java:761) ~[spring-boot-2.6.6.jar:2.6.6]
	at org.springframework.boot.SpringApplication.run(SpringApplication.java:310) ~[spring-boot-2.6.6.jar:2.6.6]
	at org.springframework.boot.SpringApplication.run(SpringApplication.java:1312) ~[spring-boot-2.6.6.jar:2.6.6]
	at org.springframework.boot.SpringApplication.run(SpringApplication.java:1301) ~[spring-boot-2.6.6.jar:2.6.6]
	at com.infy.DemoApplication.main(DemoApplication.java:27) ~[classes/:?]
	at jdk.internal.reflect.NativeMethodAccessorImpl.invoke0(Native Method) ~[?:?]
	at jdk.internal.reflect.NativeMethodAccessorImpl.invoke(NativeMethodAccessorImpl.java:62) ~[?:?]
	at jdk.internal.reflect.DelegatingMethodAccessorImpl.invoke(DelegatingMethodAccessorImpl.java:43) ~[?:?]
	at java.lang.reflect.Method.invoke(Method.java:566) ~[?:?]
	at org.springframework.boot.devtools.restart.RestartLauncher.run(RestartLauncher.java:49) ~[spring-boot-devtools-2.6.6.jar:2.6.6]
12-Apr-2022 10:32:42 ERROR - Service.WRONG_CREDENTIALS
com.infy.exception.InfyBankException: Service.WRONG_CREDENTIALS
	at com.infy.service.CustomerLoginServiceImpl.authenticateCustomer(CustomerLoginServiceImpl.java:25) ~[classes/:?]
	at com.infy.controller.CustomerLoginController.authenticateCustomer(CustomerLoginController.java:15) ~[classes/:?]
	at com.infy.DemoApplication.run(DemoApplication.java:37) ~[classes/:?]
	at org.springframework.boot.SpringApplication.callRunner(SpringApplication.java:777) ~[spring-boot-2.6.6.jar:2.6.6]
	at org.springframework.boot.SpringApplication.callRunners(SpringApplication.java:761) ~[spring-boot-2.6.6.jar:2.6.6]
	at org.springframework.boot.SpringApplication.run(SpringApplication.java:310) ~[spring-boot-2.6.6.jar:2.6.6]
	at org.springframework.boot.SpringApplication.run(SpringApplication.java:1312) ~[spring-boot-2.6.6.jar:2.6.6]
	at org.springframework.boot.SpringApplication.run(SpringApplication.java:1301) ~[spring-boot-2.6.6.jar:2.6.6]
	at com.infy.DemoApplication.main(DemoApplication.java:27) ~[classes/:?]
	at jdk.internal.reflect.NativeMethodAccessorImpl.invoke0(Native Method) ~[?:?]
	at jdk.internal.reflect.NativeMethodAccessorImpl.invoke(NativeMethodAccessorImpl.java:62) ~[?:?]
	at jdk.internal.reflect.DelegatingMethodAccessorImpl.invoke(DelegatingMethodAccessorImpl.java:43) ~[?:?]
	at java.lang.reflect.Method.invoke(Method.java:566) ~[?:?]
	at org.springframework.boot.devtools.restart.RestartLauncher.run(RestartLauncher.java:49) ~[spring-boot-devtools-2.6.6.jar:2.6.6]
